#
# There is insufficient memory for the Java Runtime Environment to continue.
# Native memory allocation (mmap) failed to map 266338304 bytes for Failed to commit area from 0x0000000703000000 to 0x0000000712e00000 of length 266338304.
# Possible reasons:
#   The system is out of physical RAM or swap space
#   The process is running with CompressedOops enabled, and the Java Heap may be blocking the growth of the native heap
# Possible solutions:
#   Reduce memory load on the system
#   Increase physical memory or swap space
#   Check if swap backing store is full
#   Decrease Java heap size (-Xmx/-Xms)
#   Decrease number of Java threads
#   Decrease Java thread stack sizes (-Xss)
#   Set larger code cache with -XX:ReservedCodeCacheSize=
# This output file may be truncated or incomplete.
#
#  Out of Memory Error (c:/BuildAgent/work/5ff2f6c26000d570/src/hotspot/os/windows/os_windows.cpp:3291), pid=19496, tid=16536
#
# JRE version:  (11.0.5+10) (build )
# Java VM: OpenJDK 64-Bit Server VM (11.0.5+10-b520.17, mixed mode, aot, sharing, tiered, compressed oops, g1 gc, windows-amd64)
# No core dump will be written. Minidumps are not enabled by default on client versions of Windows
#

---------------  S U M M A R Y ------------

Command Line: org.jetbrains.git4idea.http.GitAskPassApp Username for 'https://github.com': 

Host: Intel(R) Core(TM) i7-9750H CPU @ 2.60GHz, 12 cores, 15G,  Windows 10 , 64 bit Build 18362 (10.0.18362.959)
Time: Thu Jul 23 14:30:59 2020 ?D1¨²¡À¨º¡Á?¨º¡À?? elapsed time: 0 seconds (0d 0h 0m 0s)

---------------  T H R E A D  ---------------

Current thread (0x000001c62f540000):  JavaThread "Unknown thread" [_thread_in_vm, id=16536, stack(0x0000008923000000,0x0000008923100000)]

Stack: [0x0000008923000000,0x0000008923100000]
Native frames: (J=compiled Java code, j=interpreted, Vv=VM code, C=native code)
V  [jvm.dll+0x5dcafa]
V  [jvm.dll+0x70e375]
V  [jvm.dll+0x70f898]
V  [jvm.dll+0x70ff63]
V  [jvm.dll+0x23e238]
V  [jvm.dll+0x5da1c4]
V  [jvm.dll+0x5cf265]
V  [jvm.dll+0x2fac3b]
V  [jvm.dll+0x2fabaa]
V  [jvm.dll+0x2faa82]
V  [jvm.dll+0x2ff956]
V  [jvm.dll+0x3480d3]
V  [jvm.dll+0x3487d6]
V  [jvm.dll+0x3481d3]
V  [jvm.dll+0x2d5548]
V  [jvm.dll+0x2d66e7]
V  [jvm.dll+0x6ed237]
V  [jvm.dll+0x6eea2c]
V  [jvm.dll+0x355849]
V  [jvm.dll+0x6d239e]
V  [jvm.dll+0x3be283]
V  [jvm.dll+0x3c0701]
C  [jli.dll+0x5363]
C  [ucrtbase.dll+0x20e82]
C  [KERNEL32.DLL+0x17bd4]
C  [ntdll.dll+0x6ce51]


---------------  P R O C E S S  ---------------

Threads class SMR info:
_java_thread_list=0x000001c62d2e6570, length=0, elements={
}

Java Threads: ( => current thread )

Other Threads:
  0x000001c62f558800 GCTaskThread "GC Thread#0" [stack: 0x0000008923100000,0x0000008923200000] [id=20408]
  0x000001c62f5b5000 ConcurrentGCThread "G1 Main Marker" [stack: 0x0000008923200000,0x0000008923300000] [id=19408]
  0x000001c62f5b7000 ConcurrentGCThread "G1 Conc#0" [stack: 0x0000008923300000,0x0000008923400000] [id=17956]

[error occurred during error reporting (printing all threads), id 0xc0000005, EXCEPTION_ACCESS_VIOLATION (0xc0000005) at pc=0x00007ffbaed15c17]

VM state:not at safepoint (not fully initialized)

VM Mutex/Monitor currently owned by a thread:  ([mutex/lock_event])
[0x000001c62f53c3e0] Heap_lock - owner thread: 0x000001c62f540000

Heap address: 0x0000000703000000, size: 4048 MB, Compressed Oops mode: Non-zero based: 0x0000000703000000
Narrow klass base: 0x0000000000000000, Narrow klass shift: 0

GC Heap History (0 events):
No events

Deoptimization events (0 events):
No events

Classes redefined (0 events):
No events

Internal exceptions (0 events):
No events

Events (0 events):
No events


Dynamic libraries:
0x00007ff72d880000 - 0x00007ff72d88a000 	D:\mainidea\IntelliJ IDEA 2019.3.1\jbr\bin\java.exe
0x00007ffbf9300000 - 0x00007ffbf94f0000 	C:\windows\SYSTEM32\ntdll.dll
0x00007ffbf83d0000 - 0x00007ffbf8482000 	C:\windows\System32\KERNEL32.DLL
0x00007ffbf66b0000 - 0x00007ffbf6954000 	C:\windows\System32\KERNELBASE.dll
0x00007ffbf62e0000 - 0x00007ffbf63da000 	C:\windows\System32\ucrtbase.dll
0x00007ffba4750000 - 0x00007ffba4767000 	D:\mainidea\IntelliJ IDEA 2019.3.1\jbr\bin\VCRUNTIME140.dll
0x00007ffbae860000 - 0x00007ffbae879000 	D:\mainidea\IntelliJ IDEA 2019.3.1\jbr\bin\jli.dll
0x00007ffbf8130000 - 0x00007ffbf82c4000 	C:\windows\System32\USER32.dll
0x00007ffbf6280000 - 0x00007ffbf62a1000 	C:\windows\System32\win32u.dll
0x00007ffbf82d0000 - 0x00007ffbf82f6000 	C:\windows\System32\GDI32.dll
0x00007ffbf7140000 - 0x00007ffbf72d6000 	C:\windows\System32\gdi32full.dll
0x00007ffbf63e0000 - 0x00007ffbf647e000 	C:\windows\System32\msvcp_win.dll
0x00007ffbe37d0000 - 0x00007ffbe3a54000 	C:\windows\WinSxS\amd64_microsoft.windows.common-controls_6595b64144ccf1df_6.0.18362.959_none_e6c7bbbf130c62bb\COMCTL32.dll
0x00007ffbf8490000 - 0x00007ffbf852e000 	C:\windows\System32\msvcrt.dll
0x00007ffbf7d10000 - 0x00007ffbf8045000 	C:\windows\System32\combase.dll
0x00007ffbf8ec0000 - 0x00007ffbf8fe0000 	C:\windows\System32\RPCRT4.dll
0x00007ffbf6480000 - 0x00007ffbf6500000 	C:\windows\System32\bcryptPrimitives.dll
0x00007ffbf7410000 - 0x00007ffbf743e000 	C:\windows\System32\IMM32.DLL
0x00007ffb91fe0000 - 0x00007ffb9207d000 	D:\mainidea\IntelliJ IDEA 2019.3.1\jbr\bin\msvcp140.dll
0x00007ffbaea30000 - 0x00007ffbaf4eb000 	D:\mainidea\IntelliJ IDEA 2019.3.1\jbr\bin\server\jvm.dll
0x00007ffbf9210000 - 0x00007ffbf92b3000 	C:\windows\System32\ADVAPI32.dll
0x00007ffbf74f0000 - 0x00007ffbf7587000 	C:\windows\System32\sechost.dll
0x00007ffbf8360000 - 0x00007ffbf8368000 	C:\windows\System32\PSAPI.DLL
0x00007ffbf3690000 - 0x00007ffbf36b4000 	C:\windows\SYSTEM32\WINMM.dll
0x00007ffbdbfa0000 - 0x00007ffbdbfa9000 	C:\windows\SYSTEM32\WSOCK32.dll
0x00007ffbf5db0000 - 0x00007ffbf5dba000 	C:\windows\SYSTEM32\VERSION.dll
0x00007ffbf80c0000 - 0x00007ffbf812f000 	C:\windows\System32\WS2_32.dll
0x00007ffbf3660000 - 0x00007ffbf368d000 	C:\windows\SYSTEM32\WINMMBASE.dll
0x00007ffbf6960000 - 0x00007ffbf69aa000 	C:\windows\System32\cfgmgr32.dll
0x00007ffbf6240000 - 0x00007ffbf6251000 	C:\windows\System32\kernel.appcore.dll
0x00007ffbaf520000 - 0x00007ffbaf531000 	D:\mainidea\IntelliJ IDEA 2019.3.1\jbr\bin\verify.dll
0x00007ffbf4a80000 - 0x00007ffbf4c74000 	C:\windows\SYSTEM32\DBGHELP.DLL
0x00007ffbaea00000 - 0x00007ffbaea2a000 	C:\windows\SYSTEM32\dbgcore.DLL
0x00007ffbae9b0000 - 0x00007ffbae9d9000 	D:\mainidea\IntelliJ IDEA 2019.3.1\jbr\bin\java.dll
0x00007ffbae370000 - 0x00007ffbae387000 	D:\mainidea\IntelliJ IDEA 2019.3.1\jbr\bin\zip.dll
0x00007ffbb97b0000 - 0x00007ffbb97bb000 	D:\mainidea\IntelliJ IDEA 2019.3.1\jbr\bin\jimage.dll

dbghelp: loaded successfully - version: 4.0.5 - missing functions: none
symbol engine: initialized successfully - sym options: 0x614 - pdb path: .;D:\mainidea\IntelliJ IDEA 2019.3.1\jbr\bin;C:\windows\SYSTEM32;C:\windows\WinSxS\amd64_microsoft.windows.common-controls_6595b64144ccf1df_6.0.18362.959_none_e6c7bbbf130c62bb;D:\mainidea\IntelliJ IDEA 2019.3.1\jbr\bin\server

VM Arguments:
java_command: org.jetbrains.git4idea.http.GitAskPassApp Username for 'https://github.com': 
java_class_path (initial): D:/mainidea/IntelliJ IDEA 2019.3.1/plugins/git4idea/lib/git4idea-rt.jar;D:/mainidea/IntelliJ IDEA 2019.3.1/lib/xmlrpc-2.0.1.jar;D:/mainidea/IntelliJ IDEA 2019.3.1/lib/commons-codec-1.13.jar;D:/mainidea/IntelliJ IDEA 2019.3.1/lib/util.jar
Launcher Type: SUN_STANDARD

[Global flags]
     intx CICompilerCount                          = 4                                         {product} {ergonomic}
     uint ConcGCThreads                            = 3                                         {product} {ergonomic}
     uint G1ConcRefinementThreads                  = 10                                        {product} {ergonomic}
   size_t G1HeapRegionSize                         = 1048576                                   {product} {ergonomic}
    uintx GCDrainStackTargetSize                   = 64                                        {product} {ergonomic}
   size_t InitialHeapSize                          = 266338304                                 {product} {ergonomic}
   size_t MarkStackSize                            = 4194304                                   {product} {ergonomic}
   size_t MaxHeapSize                              = 4244635648                                {product} {ergonomic}
   size_t MinHeapDeltaBytes                        = 1048576                                   {product} {ergonomic}
    uintx NonNMethodCodeHeapSize                   = 5836300                                {pd product} {ergonomic}
    uintx NonProfiledCodeHeapSize                  = 122910970                              {pd product} {ergonomic}
    uintx ProfiledCodeHeapSize                     = 122910970                              {pd product} {ergonomic}
    uintx ReservedCodeCacheSize                    = 251658240                              {pd product} {ergonomic}
     bool SegmentedCodeCache                       = true                                      {product} {ergonomic}
     bool UseCompressedClassPointers               = true                                 {lp64_product} {ergonomic}
     bool UseCompressedOops                        = true                                 {lp64_product} {ergonomic}
     bool UseG1GC                                  = true                                      {product} {ergonomic}
     bool UseLargePagesIndividualAllocation        = false                                  {pd product} {ergonomic}

Logging:
Log output configuration:
 #0: stdout all=warning uptime,level,tags
 #1: stderr all=off uptime,level,tags

Environment Variables:
JAVA_HOME=D:\Program Files\Java\jdk1.8.0_202
CLASSPATH=.;D:\Program Files\Java\jdk1.8.0_202\lib;D:\Program Files\Java\jdk1.8.0_202\lib\tools.jar
PATH=D:\Program Files\Git\mingw64\libexec\git-core;D:\Program Files\Git\mingw64\libexec\git-core;D:\Program Files\Git\mingw64\bin;D:\Program Files\Git\usr\bin;C:\Users\wy135\bin;C:\Program Files (x86)\Common Files\Oracle\Java\javapath;C:\windows\system32;C:\windows;C:\windows\System32\Wbem;C:\windows\System32\WindowsPowerShell\v1.0;C:\windows\System32\OpenSSH;C:\Program Files (x86)\NVIDIA Corporation\PhysX\Common;C:\Program Files\NVIDIA Corporation\NVIDIA NvDLISR;D:\Program Files\Java\jdk1.8.0_202\bin;D:\Program Files\Java\jdk1.8.0_202\jre\bin;D:\Program Files\Git\cmd;D:\mysql\mysql-5.7.28-winx64\mysql-5.7.28-winx64\bin;D:\Program Files\nodejs;D:\Program Files\TortoiseGit\bin;D:\Program Files\TortoiseSVN\bin;G:\HashiCorp\Vagrant\bin;C:\Users\wy135\AppData\Local\Microsoft\WindowsApps;C:\Users\wy135\AppData\Roaming\npm;D:\Program Files\nodejs;D:\mainidea\IntelliJ IDEA 2019.3.1\bin;C:\Users\wy135\AppData\Local\Programs\Microsoft VS Code\bin
USERNAME=wy135
DISPLAY=:0.0
OS=Windows_NT
PROCESSOR_IDENTIFIER=Intel64 Family 6 Model 158 Stepping 13, GenuineIntel



---------------  S Y S T E M  ---------------

OS: Windows 10 , 64 bit Build 18362 (10.0.18362.959)

CPU:total 12 (initial active 12) (6 cores per cpu, 2 threads per core) family 6 model 158 stepping 13, cmov, cx8, fxsr, mmx, sse, sse2, sse3, ssse3, sse4.1, sse4.2, popcnt, avx, avx2, aes, clmul, erms, 3dnowpref, lzcnt, ht, tsc, tscinvbit, bmi1, bmi2, adx, fma

Memory: 4k page, system-wide physical 16191M (3932M free)
TotalPageFile size 16191M (AvailPageFile size 92M)
current process WorkingSet (physical memory assigned to process): 10M, peak: 10M
current process commit charge ("private bytes"): 64M, peak: 318M

vm_info: OpenJDK 64-Bit Server VM (11.0.5+10-b520.17) for windows-amd64 JRE (11.0.5+10-b520.17), built on Dec  2 2019 12:11:34 by "" with MS VC++ 14.0 (VS2015)

END.
